<?xml version="1.0" encoding="UTF-8"?>
<coverage generated="1682413728581" clover="3.2.0">
  <project timestamp="1682413728582" name="All files">
    <metrics statements="181" coveredstatements="172" conditionals="37" coveredconditionals="34" methods="65" coveredmethods="62" elements="283" coveredelements="268" complexity="0" loc="181" ncloc="181" packages="18" files="37" classes="37"/>
    <package name="src">
      <metrics statements="7" coveredstatements="7" conditionals="1" coveredconditionals="1" methods="2" coveredmethods="2"/>
      <file name="App.tsx" path="/Users/ilya_mikhaylyukov/Documents/GitHub/vitejs-vite-nwyknh/src/App.tsx">
        <metrics statements="4" coveredstatements="4" conditionals="1" coveredconditionals="1" methods="2" coveredmethods="2"/>
        <line num="1" count="84" type="cond" truecount="1" falsecount="0"/>
        <line num="10" count="24" type="stmt"/>
        <line num="27" count="12" type="stmt"/>
        <line num="29" count="12" type="stmt"/>
      </file>
      <file name="entry-client.tsx" path="/Users/ilya_mikhaylyukov/Documents/GitHub/vitejs-vite-nwyknh/src/entry-client.tsx">
        <metrics statements="3" coveredstatements="3" conditionals="0" coveredconditionals="0" methods="0" coveredmethods="0"/>
        <line num="7" count="12" type="stmt"/>
        <line num="9" count="12" type="stmt"/>
        <line num="19" count="12" type="stmt"/>
      </file>
      <file name="entry-server.tsx" path="/Users/ilya_mikhaylyukov/Documents/GitHub/vitejs-vite-nwyknh/src/entry-server.tsx">
        <metrics statements="0" coveredstatements="0" conditionals="0" coveredconditionals="0" methods="0" coveredmethods="0"/>
      </file>
      <file name="setupTests.ts" path="/Users/ilya_mikhaylyukov/Documents/GitHub/vitejs-vite-nwyknh/src/setupTests.ts">
        <metrics statements="0" coveredstatements="0" conditionals="0" coveredconditionals="0" methods="0" coveredmethods="0"/>
      </file>
    </package>
    <package name="src.__tests__">
      <metrics statements="0" coveredstatements="0" conditionals="0" coveredconditionals="0" methods="0" coveredmethods="0"/>
      <file name="API.test.tsx" path="/Users/ilya_mikhaylyukov/Documents/GitHub/vitejs-vite-nwyknh/src/__tests__/API.test.tsx">
        <metrics statements="0" coveredstatements="0" conditionals="0" coveredconditionals="0" methods="0" coveredmethods="0"/>
      </file>
      <file name="About.test.tsx" path="/Users/ilya_mikhaylyukov/Documents/GitHub/vitejs-vite-nwyknh/src/__tests__/About.test.tsx">
        <metrics statements="0" coveredstatements="0" conditionals="0" coveredconditionals="0" methods="0" coveredmethods="0"/>
      </file>
      <file name="App.test.tsx" path="/Users/ilya_mikhaylyukov/Documents/GitHub/vitejs-vite-nwyknh/src/__tests__/App.test.tsx">
        <metrics statements="0" coveredstatements="0" conditionals="0" coveredconditionals="0" methods="0" coveredmethods="0"/>
      </file>
      <file name="Card.test.tsx" path="/Users/ilya_mikhaylyukov/Documents/GitHub/vitejs-vite-nwyknh/src/__tests__/Card.test.tsx">
        <metrics statements="0" coveredstatements="0" conditionals="0" coveredconditionals="0" methods="0" coveredmethods="0"/>
      </file>
    </package>
    <package name="src.components.Card">
      <metrics statements="6" coveredstatements="6" conditionals="1" coveredconditionals="1" methods="3" coveredmethods="3"/>
      <file name="Card.tsx" path="/Users/ilya_mikhaylyukov/Documents/GitHub/vitejs-vite-nwyknh/src/components/Card/Card.tsx">
        <metrics statements="6" coveredstatements="6" conditionals="1" coveredconditionals="1" methods="3" coveredmethods="3"/>
        <line num="1" count="84" type="cond" truecount="1" falsecount="0"/>
        <line num="5" count="12" type="stmt"/>
        <line num="6" count="636" type="stmt"/>
        <line num="7" count="2" type="stmt"/>
        <line num="14" count="12" type="stmt"/>
        <line num="16" count="12" type="stmt"/>
      </file>
    </package>
    <package name="src.components.ContainerCards">
      <metrics statements="6" coveredstatements="6" conditionals="5" coveredconditionals="5" methods="3" coveredmethods="3"/>
      <file name="ContainerCards.tsx" path="/Users/ilya_mikhaylyukov/Documents/GitHub/vitejs-vite-nwyknh/src/components/ContainerCards/ContainerCards.tsx">
        <metrics statements="6" coveredstatements="6" conditionals="5" coveredconditionals="5" methods="3" coveredmethods="3"/>
        <line num="1" count="84" type="cond" truecount="1" falsecount="0"/>
        <line num="12" count="12" type="stmt"/>
        <line num="13" count="82" type="stmt"/>
        <line num="18" count="636" type="stmt"/>
        <line num="22" count="12" type="stmt"/>
        <line num="24" count="12" type="stmt"/>
      </file>
    </package>
    <package name="src.components.ContainerCards.CardData">
      <metrics statements="11" coveredstatements="11" conditionals="1" coveredconditionals="1" methods="4" coveredmethods="4"/>
      <file name="CardData.tsx" path="/Users/ilya_mikhaylyukov/Documents/GitHub/vitejs-vite-nwyknh/src/components/ContainerCards/CardData/CardData.tsx">
        <metrics statements="11" coveredstatements="11" conditionals="1" coveredconditionals="1" methods="4" coveredmethods="4"/>
        <line num="5" count="12" type="stmt"/>
        <line num="6" count="4" type="stmt"/>
        <line num="12" count="12" type="stmt"/>
        <line num="13" count="12" type="stmt"/>
        <line num="15" count="12" type="stmt"/>
        <line num="16" count="4" type="stmt"/>
        <line num="18" count="12" type="cond" truecount="1" falsecount="0"/>
        <line num="19" count="4" type="stmt"/>
        <line num="22" count="12" type="stmt"/>
        <line num="36" count="12" type="stmt"/>
        <line num="38" count="12" type="stmt"/>
      </file>
    </package>
    <package name="src.components.Form">
      <metrics statements="27" coveredstatements="26" conditionals="17" coveredconditionals="16" methods="8" coveredmethods="8"/>
      <file name="Form.tsx" path="/Users/ilya_mikhaylyukov/Documents/GitHub/vitejs-vite-nwyknh/src/components/Form/Form.tsx">
        <metrics statements="27" coveredstatements="26" conditionals="17" coveredconditionals="16" methods="8" coveredmethods="8"/>
        <line num="18" count="24" type="stmt"/>
        <line num="19" count="24" type="stmt"/>
        <line num="20" count="24" type="stmt"/>
        <line num="21" count="8" type="stmt"/>
        <line num="36" count="24" type="stmt"/>
        <line num="38" count="24" type="stmt"/>
        <line num="39" count="24" type="stmt"/>
        <line num="41" count="24" type="stmt"/>
        <line num="42" count="2" type="stmt"/>
        <line num="43" count="2" type="stmt"/>
        <line num="44" count="4" type="stmt"/>
        <line num="45" count="2" type="stmt"/>
        <line num="46" count="2" type="stmt"/>
        <line num="47" count="2" type="stmt"/>
        <line num="49" count="0" type="stmt"/>
        <line num="53" count="24" type="stmt"/>
        <line num="57" count="12" type="stmt"/>
        <line num="58" count="12" type="stmt"/>
        <line num="71" count="24" type="stmt"/>
        <line num="72" count="12" type="cond" truecount="1" falsecount="0"/>
        <line num="73" count="2" type="stmt"/>
        <line num="76" count="2" type="stmt"/>
        <line num="77" count="2" type="stmt"/>
        <line num="81" count="24" type="stmt"/>
        <line num="83" count="24" type="stmt"/>
        <line num="154" count="12" type="stmt"/>
        <line num="156" count="12" type="stmt"/>
      </file>
    </package>
    <package name="src.components.Header">
      <metrics statements="8" coveredstatements="8" conditionals="2" coveredconditionals="2" methods="3" coveredmethods="3"/>
      <file name="Header.tsx" path="/Users/ilya_mikhaylyukov/Documents/GitHub/vitejs-vite-nwyknh/src/components/Header/Header.tsx">
        <metrics statements="4" coveredstatements="4" conditionals="1" coveredconditionals="1" methods="2" coveredmethods="2"/>
        <line num="1" count="84" type="cond" truecount="1" falsecount="0"/>
        <line num="6" count="24" type="stmt"/>
        <line num="28" count="12" type="stmt"/>
        <line num="30" count="12" type="stmt"/>
      </file>
      <file name="ReactLogo.tsx" path="/Users/ilya_mikhaylyukov/Documents/GitHub/vitejs-vite-nwyknh/src/components/Header/ReactLogo.tsx">
        <metrics statements="4" coveredstatements="4" conditionals="1" coveredconditionals="1" methods="1" coveredmethods="1"/>
        <line num="1" count="84" type="cond" truecount="1" falsecount="0"/>
        <line num="2" count="24" type="stmt"/>
        <line num="24" count="12" type="stmt"/>
        <line num="26" count="12" type="stmt"/>
      </file>
    </package>
    <package name="src.components.Modal">
      <metrics statements="5" coveredstatements="5" conditionals="1" coveredconditionals="1" methods="2" coveredmethods="2"/>
      <file name="Modal.tsx" path="/Users/ilya_mikhaylyukov/Documents/GitHub/vitejs-vite-nwyknh/src/components/Modal/Modal.tsx">
        <metrics statements="5" coveredstatements="5" conditionals="1" coveredconditionals="1" methods="2" coveredmethods="2"/>
        <line num="1" count="84" type="cond" truecount="1" falsecount="0"/>
        <line num="6" count="12" type="stmt"/>
        <line num="7" count="4" type="stmt"/>
        <line num="28" count="12" type="stmt"/>
        <line num="30" count="12" type="stmt"/>
      </file>
    </package>
    <package name="src.components.ProgressBar">
      <metrics statements="11" coveredstatements="11" conditionals="0" coveredconditionals="0" methods="3" coveredmethods="3"/>
      <file name="ProgressBar.tsx" path="/Users/ilya_mikhaylyukov/Documents/GitHub/vitejs-vite-nwyknh/src/components/ProgressBar/ProgressBar.tsx">
        <metrics statements="11" coveredstatements="11" conditionals="0" coveredconditionals="0" methods="3" coveredmethods="3"/>
        <line num="4" count="92" type="stmt"/>
        <line num="5" count="92" type="stmt"/>
        <line num="7" count="92" type="stmt"/>
        <line num="8" count="92" type="stmt"/>
        <line num="13" count="92" type="stmt"/>
        <line num="16" count="92" type="stmt"/>
        <line num="23" count="12" type="stmt"/>
        <line num="25" count="12" type="stmt"/>
        <line num="26" count="40" type="stmt"/>
        <line num="29" count="12" type="stmt"/>
        <line num="31" count="24" type="stmt"/>
      </file>
    </package>
    <package name="src.components.SearchBar">
      <metrics statements="11" coveredstatements="11" conditionals="2" coveredconditionals="2" methods="5" coveredmethods="5"/>
      <file name="SearchBar.tsx" path="/Users/ilya_mikhaylyukov/Documents/GitHub/vitejs-vite-nwyknh/src/components/SearchBar/SearchBar.tsx">
        <metrics statements="7" coveredstatements="7" conditionals="1" coveredconditionals="1" methods="4" coveredmethods="4"/>
        <line num="1" count="84" type="cond" truecount="1" falsecount="0"/>
        <line num="10" count="12" type="stmt"/>
        <line num="11" count="82" type="stmt"/>
        <line num="19" count="4" type="stmt"/>
        <line num="20" count="4" type="stmt"/>
        <line num="30" count="12" type="stmt"/>
        <line num="32" count="12" type="stmt"/>
      </file>
      <file name="SearchLogo.tsx" path="/Users/ilya_mikhaylyukov/Documents/GitHub/vitejs-vite-nwyknh/src/components/SearchBar/SearchLogo.tsx">
        <metrics statements="4" coveredstatements="4" conditionals="1" coveredconditionals="1" methods="1" coveredmethods="1"/>
        <line num="1" count="84" type="cond" truecount="1" falsecount="0"/>
        <line num="2" count="82" type="stmt"/>
        <line num="19" count="12" type="stmt"/>
        <line num="21" count="12" type="stmt"/>
      </file>
    </package>
    <package name="src.const">
      <metrics statements="1" coveredstatements="1" conditionals="0" coveredconditionals="0" methods="0" coveredmethods="0"/>
      <file name="api-query.ts" path="/Users/ilya_mikhaylyukov/Documents/GitHub/vitejs-vite-nwyknh/src/const/api-query.ts">
        <metrics statements="1" coveredstatements="1" conditionals="0" coveredconditionals="0" methods="0" coveredmethods="0"/>
        <line num="1" count="12" type="stmt"/>
      </file>
      <file name="default-value-forms.ts" path="/Users/ilya_mikhaylyukov/Documents/GitHub/vitejs-vite-nwyknh/src/const/default-value-forms.ts">
        <metrics statements="0" coveredstatements="0" conditionals="0" coveredconditionals="0" methods="0" coveredmethods="0"/>
      </file>
    </package>
    <package name="src.hooks">
      <metrics statements="30" coveredstatements="28" conditionals="0" coveredconditionals="0" methods="9" coveredmethods="8"/>
      <file name="redux.ts" path="/Users/ilya_mikhaylyukov/Documents/GitHub/vitejs-vite-nwyknh/src/hooks/redux.ts">
        <metrics statements="2" coveredstatements="2" conditionals="0" coveredconditionals="0" methods="1" coveredmethods="1"/>
        <line num="5" count="82" type="stmt"/>
        <line num="6" count="12" type="stmt"/>
      </file>
      <file name="use-http.ts" path="/Users/ilya_mikhaylyukov/Documents/GitHub/vitejs-vite-nwyknh/src/hooks/use-http.ts">
        <metrics statements="16" coveredstatements="14" conditionals="0" coveredconditionals="0" methods="3" coveredmethods="2"/>
        <line num="4" count="12" type="stmt"/>
        <line num="5" count="12" type="stmt"/>
        <line num="6" count="12" type="stmt"/>
        <line num="7" count="12" type="stmt"/>
        <line num="9" count="12" type="stmt"/>
        <line num="10" count="4" type="stmt"/>
        <line num="11" count="4" type="stmt"/>
        <line num="12" count="4" type="stmt"/>
        <line num="13" count="4" type="stmt"/>
        <line num="14" count="4" type="stmt"/>
        <line num="16" count="0" type="stmt"/>
        <line num="17" count="0" type="stmt"/>
        <line num="19" count="4" type="stmt"/>
        <line num="23" count="12" type="stmt"/>
        <line num="25" count="12" type="stmt"/>
        <line num="26" count="12" type="stmt"/>
      </file>
      <file name="use-modal.ts" path="/Users/ilya_mikhaylyukov/Documents/GitHub/vitejs-vite-nwyknh/src/hooks/use-modal.ts">
        <metrics statements="8" coveredstatements="8" conditionals="0" coveredconditionals="0" methods="3" coveredmethods="3"/>
        <line num="3" count="82" type="stmt"/>
        <line num="4" count="82" type="stmt"/>
        <line num="6" count="82" type="stmt"/>
        <line num="7" count="2" type="stmt"/>
        <line num="10" count="82" type="stmt"/>
        <line num="11" count="2" type="stmt"/>
        <line num="14" count="82" type="stmt"/>
        <line num="15" count="12" type="stmt"/>
      </file>
      <file name="use-mount.ts" path="/Users/ilya_mikhaylyukov/Documents/GitHub/vitejs-vite-nwyknh/src/hooks/use-mount.ts">
        <metrics statements="4" coveredstatements="4" conditionals="0" coveredconditionals="0" methods="2" coveredmethods="2"/>
        <line num="3" count="12" type="stmt"/>
        <line num="4" count="12" type="stmt"/>
        <line num="5" count="4" type="stmt"/>
        <line num="8" count="12" type="stmt"/>
      </file>
    </package>
    <package name="src.models">
      <metrics statements="0" coveredstatements="0" conditionals="0" coveredconditionals="0" methods="0" coveredmethods="0"/>
      <file name="types.ts" path="/Users/ilya_mikhaylyukov/Documents/GitHub/vitejs-vite-nwyknh/src/models/types.ts">
        <metrics statements="0" coveredstatements="0" conditionals="0" coveredconditionals="0" methods="0" coveredmethods="0"/>
      </file>
    </package>
    <package name="src.pages">
      <metrics statements="34" coveredstatements="29" conditionals="7" coveredconditionals="5" methods="11" coveredmethods="11"/>
      <file name="AboutPage.tsx" path="/Users/ilya_mikhaylyukov/Documents/GitHub/vitejs-vite-nwyknh/src/pages/AboutPage.tsx">
        <metrics statements="4" coveredstatements="4" conditionals="1" coveredconditionals="1" methods="2" coveredmethods="2"/>
        <line num="1" count="84" type="cond" truecount="1" falsecount="0"/>
        <line num="6" count="4" type="stmt"/>
        <line num="22" count="12" type="stmt"/>
        <line num="24" count="12" type="stmt"/>
      </file>
      <file name="FormPage.tsx" path="/Users/ilya_mikhaylyukov/Documents/GitHub/vitejs-vite-nwyknh/src/pages/FormPage.tsx">
        <metrics statements="4" coveredstatements="4" conditionals="1" coveredconditionals="1" methods="2" coveredmethods="2"/>
        <line num="1" count="84" type="cond" truecount="1" falsecount="0"/>
        <line num="5" count="8" type="stmt"/>
        <line num="10" count="12" type="stmt"/>
        <line num="12" count="12" type="stmt"/>
      </file>
      <file name="Home.tsx" path="/Users/ilya_mikhaylyukov/Documents/GitHub/vitejs-vite-nwyknh/src/pages/Home.tsx">
        <metrics statements="22" coveredstatements="17" conditionals="4" coveredconditionals="2" methods="5" coveredmethods="5"/>
        <line num="18" count="82" type="stmt"/>
        <line num="19" count="82" type="stmt"/>
        <line num="21" count="82" type="stmt"/>
        <line num="23" count="82" type="stmt"/>
        <line num="25" count="82" type="stmt"/>
        <line num="28" count="82" type="stmt"/>
        <line num="30" count="82" type="stmt"/>
        <line num="31" count="82" type="stmt"/>
        <line num="33" count="82" type="stmt"/>
        <line num="34" count="4" type="cond" truecount="0" falsecount="1"/>
        <line num="35" count="0" type="stmt"/>
        <line num="36" count="0" type="stmt"/>
        <line num="37" count="0" type="stmt"/>
        <line num="38" count="0" type="stmt"/>
        <line num="42" count="82" type="stmt"/>
        <line num="43" count="2" type="stmt"/>
        <line num="44" count="2" type="stmt"/>
        <line num="46" count="82" type="cond" truecount="0" falsecount="1"/>
        <line num="47" count="0" type="stmt"/>
        <line num="50" count="82" type="stmt"/>
        <line num="61" count="12" type="stmt"/>
        <line num="63" count="12" type="stmt"/>
      </file>
      <file name="NotFound.tsx" path="/Users/ilya_mikhaylyukov/Documents/GitHub/vitejs-vite-nwyknh/src/pages/NotFound.tsx">
        <metrics statements="4" coveredstatements="4" conditionals="1" coveredconditionals="1" methods="2" coveredmethods="2"/>
        <line num="1" count="84" type="cond" truecount="1" falsecount="0"/>
        <line num="5" count="4" type="stmt"/>
        <line num="11" count="12" type="stmt"/>
        <line num="13" count="12" type="stmt"/>
      </file>
    </package>
    <package name="src.requests">
      <metrics statements="4" coveredstatements="4" conditionals="0" coveredconditionals="0" methods="2" coveredmethods="2"/>
      <file name="createApi.ts" path="/Users/ilya_mikhaylyukov/Documents/GitHub/vitejs-vite-nwyknh/src/requests/createApi.ts">
        <metrics statements="4" coveredstatements="4" conditionals="0" coveredconditionals="0" methods="2" coveredmethods="2"/>
        <line num="5" count="12" type="stmt"/>
        <line num="8" count="12" type="stmt"/>
        <line num="10" count="14" type="stmt"/>
        <line num="15" count="12" type="stmt"/>
      </file>
    </package>
    <package name="src.store">
      <metrics statements="6" coveredstatements="6" conditionals="0" coveredconditionals="0" methods="3" coveredmethods="3"/>
      <file name="hooks.ts" path="/Users/ilya_mikhaylyukov/Documents/GitHub/vitejs-vite-nwyknh/src/store/hooks.ts">
        <metrics statements="2" coveredstatements="2" conditionals="0" coveredconditionals="0" methods="1" coveredmethods="1"/>
        <line num="4" count="24" type="stmt"/>
        <line num="5" count="12" type="stmt"/>
      </file>
      <file name="searchSlice.ts" path="/Users/ilya_mikhaylyukov/Documents/GitHub/vitejs-vite-nwyknh/src/store/searchSlice.ts">
        <metrics statements="0" coveredstatements="0" conditionals="0" coveredconditionals="0" methods="0" coveredmethods="0"/>
      </file>
      <file name="store.ts" path="/Users/ilya_mikhaylyukov/Documents/GitHub/vitejs-vite-nwyknh/src/store/store.ts">
        <metrics statements="4" coveredstatements="4" conditionals="0" coveredconditionals="0" methods="2" coveredmethods="2"/>
        <line num="7" count="12" type="stmt"/>
        <line num="13" count="12" type="stmt"/>
        <line num="14" count="12" type="stmt"/>
        <line num="17" count="12" type="stmt"/>
      </file>
    </package>
    <package name="src.store.reducers">
      <metrics statements="10" coveredstatements="9" conditionals="0" coveredconditionals="0" methods="3" coveredmethods="2"/>
      <file name="FormSlice.ts" path="/Users/ilya_mikhaylyukov/Documents/GitHub/vitejs-vite-nwyknh/src/store/reducers/FormSlice.ts">
        <metrics statements="4" coveredstatements="4" conditionals="0" coveredconditionals="0" methods="1" coveredmethods="1"/>
        <line num="4" count="12" type="stmt"/>
        <line num="7" count="12" type="stmt"/>
        <line num="12" count="2" type="stmt"/>
        <line num="17" count="12" type="stmt"/>
      </file>
      <file name="SearchSlice.ts" path="/Users/ilya_mikhaylyukov/Documents/GitHub/vitejs-vite-nwyknh/src/store/reducers/SearchSlice.ts">
        <metrics statements="6" coveredstatements="5" conditionals="0" coveredconditionals="0" methods="2" coveredmethods="1"/>
        <line num="8" count="12" type="stmt"/>
        <line num="13" count="12" type="stmt"/>
        <line num="18" count="4" type="stmt"/>
        <line num="21" count="0" type="stmt"/>
        <line num="26" count="12" type="stmt"/>
        <line num="28" count="12" type="stmt"/>
      </file>
    </package>
    <package name="src.store.selectors">
      <metrics statements="4" coveredstatements="4" conditionals="0" coveredconditionals="0" methods="4" coveredmethods="3"/>
      <file name="root.ts" path="/Users/ilya_mikhaylyukov/Documents/GitHub/vitejs-vite-nwyknh/src/store/selectors/root.ts">
        <metrics statements="1" coveredstatements="1" conditionals="0" coveredconditionals="0" methods="1" coveredmethods="1"/>
        <line num="3" count="74" type="stmt"/>
      </file>
      <file name="search.ts" path="/Users/ilya_mikhaylyukov/Documents/GitHub/vitejs-vite-nwyknh/src/store/selectors/search.ts">
        <metrics statements="3" coveredstatements="3" conditionals="0" coveredconditionals="0" methods="3" coveredmethods="2"/>
        <line num="3" count="63" type="stmt"/>
        <line num="4" count="12" type="stmt"/>
        <line num="5" count="12" type="stmt"/>
      </file>
    </package>
  </project>
</coverage>
